<?xml version="1.0" encoding="UTF-8"?>
<!-- Generated by org.testng.reporters.JUnitXMLReporter -->
<testsuite ignored="0" hostname="DESKTOP-O4I9FMQ" failures="0" tests="3" name="Default test" time="6.102" errors="0" timestamp="2025-06-03T14:14:11 IST">
  <testcase classname="testcases.SchemaTests" name="testCartSchema" time="3.749"/>
  <testcase classname="testcases.SchemaTests" name="testProductSchema" time="0.771"/>
  <testcase classname="testcases.SchemaTests" name="testUserSchema" time="0.835"/>
</testsuite> <!-- Default test -->
