<?xml version="1.0" encoding="UTF-8"?>
<!-- Generated by org.testng.reporters.JUnitXMLReporter -->
<testsuite ignored="1" hostname="DESKTOP-O4I9FMQ" failures="0" tests="1" name="Test(failed)(failed)(failed)" time="7.673" errors="0" timestamp="2025-06-03T13:52:21 IST">
  <testcase classname="testcases.LoginTests" name="testInvalidUserLogin" time="6.181"/>
  <testcase classname="testcases.LoginTests" name="testvalidUserLogin" time="0.0">
    <ignored/>
  </testcase> <!-- testvalidUserLogin -->
</testsuite> <!-- Test(failed)(failed)(failed) -->
