<?xml version="1.0" encoding="UTF-8"?>
<!-- Generated by org.testng.reporters.JUnitXMLReporter -->
<testsuite ignored="0" hostname="DESKTOP-O4I9FMQ" failures="1" tests="30" name="Test" time="42.487" errors="0" timestamp="2025-06-03T16:05:10 IST">
  <testcase classname="testcases.ProductsTest" name="tetsGetAllProducts" time="4.122"/>
  <testcase classname="testcases.ProductsTest" name="tetsGetSingleProductByID" time="2.991"/>
  <testcase classname="testcases.ProductsTest" name="tetsGetProductByLimit" time="0.772"/>
  <testcase classname="testcases.ProductsTest" name="tetsGetProductBySortedDending" time="0.819"/>
  <testcase classname="testcases.ProductsTest" name="tetsGetProductBySortedAscending" time="4.93"/>
  <testcase classname="testcases.ProductsTest" name="tetsGettheAllCategories" time="0.733"/>
  <testcase classname="testcases.ProductsTest" name="tetsGettheAllByCategories" time="0.92"/>
  <testcase classname="testcases.ProductsTest" name="tetsAddnewProduct" time="1.487"/>
  <testcase classname="testcases.ProductsTest" name="tetsUpdateProduct" time="0.823"/>
  <testcase classname="testcases.ProductsTest" name="tetsDeleteProduct" time="0.778"/>
  <testcase classname="testcases.ProductDataDriven" name="testAddNewProduct" time="1.622"/>
  <testcase classname="testcases.ProductDataDriven" name="testAddNewProduct" time="1.69"/>
  <testcase classname="testcases.ProductDataDriven" name="testAddNewProduct" time="1.606"/>
  <testcase classname="testcases.ProductDataDriven" name="testAddNewProduct" time="1.648"/>
  <testcase classname="testcases.ProductDataDriven" name="testAddNewProduct" time="1.569"/>
  <testcase classname="testcases.ProductDataDriven" name="testAddNewProduct" time="1.569"/>
  <testcase classname="testcases.UserTests" name="testCreateUser" time="1.087"/>
  <testcase classname="testcases.UserTests" name="testDeleteUser" time="0.85"/>
  <testcase classname="testcases.UserTests" name="testGetAllUsers" time="0.874"/>
  <testcase classname="testcases.UserTests" name="testGetUserById" time="0.842"/>
  <testcase classname="testcases.UserTests" name="testGetUsersSorted" time="0.837"/>
  <testcase classname="testcases.UserTests" name="testGetUsersSortedAsc" time="0.916"/>
  <testcase classname="testcases.UserTests" name="testGetUsersWithLimit" time="0.887"/>
  <testcase classname="testcases.UserTests" name="testUpdateUser" time="0.689"/>
  <testcase classname="testcases.CartTests" name="testCreateCart" time="0.769">
    <failure type="java.lang.AssertionError" message="1 expectation failed.
JSON path userId doesn&amp;apos;t match.
Expected: &amp;lt;1&amp;gt;
  Actual: null
">
      <![CDATA[java.lang.AssertionError: 1 expectation failed.
JSON path userId doesn't match.
Expected: <1>
  Actual: null

at org.codehaus.groovy.runtime.callsite.ConstructorSite$ConstructorSiteNoUnwrapNoCoerce.callConstructor(ConstructorSite.java:108)
at org.codehaus.groovy.runtime.callsite.CallSiteArray.defaultCallConstructor(CallSiteArray.java:57)
at org.codehaus.groovy.runtime.callsite.AbstractCallSite.callConstructor(AbstractCallSite.java:263)
at org.codehaus.groovy.runtime.callsite.AbstractCallSite.callConstructor(AbstractCallSite.java:277)
at io.restassured.internal.ResponseSpecificationImpl$HamcrestAssertionClosure.validate(ResponseSpecificationImpl.groovy:512)
at io.restassured.internal.ResponseSpecificationImpl$HamcrestAssertionClosure$validate$1.call(Unknown Source)
at io.restassured.internal.ResponseSpecificationImpl.validateResponseIfRequired(ResponseSpecificationImpl.groovy:696)
at io.restassured.internal.ResponseSpecificationImpl.this$2$validateResponseIfRequired(ResponseSpecificationImpl.groovy)
at org.codehaus.groovy.runtime.callsite.PlainObjectMetaMethodSite.doInvoke(PlainObjectMetaMethodSite.java:43)
at org.codehaus.groovy.runtime.callsite.PogoMetaMethodSite$PogoCachedMethodSiteNoUnwrapNoCoerce.invoke(PogoMetaMethodSite.java:198)
at org.codehaus.groovy.runtime.callsite.PogoMetaMethodSite.callCurrent(PogoMetaMethodSite.java:62)
at org.codehaus.groovy.runtime.callsite.AbstractCallSite.callCurrent(AbstractCallSite.java:185)
at io.restassured.internal.ResponseSpecificationImpl.body(ResponseSpecificationImpl.groovy:270)
at io.restassured.specification.ResponseSpecification$body$1.callCurrent(Unknown Source)
at org.codehaus.groovy.runtime.callsite.CallSiteArray.defaultCallCurrent(CallSiteArray.java:49)
at io.restassured.specification.ResponseSpecification$body$1.callCurrent(Unknown Source)
at io.restassured.internal.ResponseSpecificationImpl.body(ResponseSpecificationImpl.groovy:117)
at io.restassured.internal.ValidatableResponseOptionsImpl.body(ValidatableResponseOptionsImpl.java:244)
at testcases.CartTests.testCreateCart(CartTests.java:154)
at java.base/java.util.ArrayList.forEach(ArrayList.java:1596)
... Removed 31 stack frames]]>
    </failure>
  </testcase> <!-- testCreateCart -->
  <testcase classname="testcases.LoginTests" name="testInvalidUserLogin" time="1.365"/>
  <testcase classname="testcases.LoginTests" name="testvalidUserLogin" time="0.829"/>
  <testcase classname="testcases.SchemaTests" name="testCartSchema" time="1.176"/>
  <testcase classname="testcases.SchemaTests" name="testProductSchema" time="0.761"/>
  <testcase classname="testcases.SchemaTests" name="testUserSchema" time="0.898"/>
</testsuite> <!-- Test -->
