<?xml version="1.0" encoding="UTF-8"?>
<!-- Generated by org.testng.reporters.JUnitXMLReporter -->
<testsuite ignored="0" hostname="DESKTOP-O4I9FMQ" failures="1" tests="30" name="Test" time="33.441" errors="0" timestamp="2025-06-09T20:15:21 IST">
  <testcase classname="testcases.ProductsTest" name="tetsGetAllProducts" time="4.959"/>
  <testcase classname="testcases.ProductsTest" name="tetsGetSingleProductByID" time="0.676"/>
  <testcase classname="testcases.ProductsTest" name="tetsGetProductByLimit" time="0.684"/>
  <testcase classname="testcases.ProductsTest" name="tetsGetProductBySortedDending" time="0.74"/>
  <testcase classname="testcases.ProductsTest" name="tetsGetProductBySortedAscending" time="0.688"/>
  <testcase classname="testcases.ProductsTest" name="tetsGettheAllCategories" time="0.67"/>
  <testcase classname="testcases.ProductsTest" name="tetsGettheAllByCategories" time="0.817"/>
  <testcase classname="testcases.ProductsTest" name="tetsAddnewProduct" time="1.471"/>
  <testcase classname="testcases.ProductsTest" name="tetsUpdateProduct" time="0.645"/>
  <testcase classname="testcases.ProductsTest" name="tetsDeleteProduct" time="0.628"/>
  <testcase classname="testcases.ProductDataDriven" name="testAddNewProduct" time="1.336"/>
  <testcase classname="testcases.ProductDataDriven" name="testAddNewProduct" time="1.334"/>
  <testcase classname="testcases.ProductDataDriven" name="testAddNewProduct" time="1.263"/>
  <testcase classname="testcases.ProductDataDriven" name="testAddNewProduct" time="1.382"/>
  <testcase classname="testcases.ProductDataDriven" name="testAddNewProduct" time="1.347"/>
  <testcase classname="testcases.ProductDataDriven" name="testAddNewProduct" time="1.341"/>
  <testcase classname="testcases.UserTests" name="testCreateUser" time="0.973"/>
  <testcase classname="testcases.UserTests" name="testDeleteUser" time="0.744"/>
  <testcase classname="testcases.UserTests" name="testGetAllUsers" time="0.819"/>
  <testcase classname="testcases.UserTests" name="testGetUserById" time="0.733"/>
  <testcase classname="testcases.UserTests" name="testGetUsersSorted" time="0.748"/>
  <testcase classname="testcases.UserTests" name="testGetUsersSortedAsc" time="0.745"/>
  <testcase classname="testcases.UserTests" name="testGetUsersWithLimit" time="0.769"/>
  <testcase classname="testcases.UserTests" name="testUpdateUser" time="0.623"/>
  <testcase classname="testcases.CartTests" name="testCreateCart" time="0.698">
    <failure type="java.lang.AssertionError" message="1 expectation failed.
JSON path userId doesn&amp;apos;t match.
Expected: &amp;lt;1&amp;gt;
  Actual: null
">
      <![CDATA[java.lang.AssertionError: 1 expectation failed.
JSON path userId doesn't match.
Expected: <1>
  Actual: null

at org.codehaus.groovy.runtime.callsite.ConstructorSite$ConstructorSiteNoUnwrapNoCoerce.callConstructor(ConstructorSite.java:108)
at org.codehaus.groovy.runtime.callsite.CallSiteArray.defaultCallConstructor(CallSiteArray.java:57)
at org.codehaus.groovy.runtime.callsite.AbstractCallSite.callConstructor(AbstractCallSite.java:263)
at org.codehaus.groovy.runtime.callsite.AbstractCallSite.callConstructor(AbstractCallSite.java:277)
at io.restassured.internal.ResponseSpecificationImpl$HamcrestAssertionClosure.validate(ResponseSpecificationImpl.groovy:512)
at io.restassured.internal.ResponseSpecificationImpl$HamcrestAssertionClosure$validate$1.call(Unknown Source)
at io.restassured.internal.ResponseSpecificationImpl.validateResponseIfRequired(ResponseSpecificationImpl.groovy:696)
at io.restassured.internal.ResponseSpecificationImpl.this$2$validateResponseIfRequired(ResponseSpecificationImpl.groovy)
at org.codehaus.groovy.runtime.callsite.PlainObjectMetaMethodSite.doInvoke(PlainObjectMetaMethodSite.java:43)
at org.codehaus.groovy.runtime.callsite.PogoMetaMethodSite$PogoCachedMethodSiteNoUnwrapNoCoerce.invoke(PogoMetaMethodSite.java:198)
at org.codehaus.groovy.runtime.callsite.PogoMetaMethodSite.callCurrent(PogoMetaMethodSite.java:62)
at org.codehaus.groovy.runtime.callsite.AbstractCallSite.callCurrent(AbstractCallSite.java:185)
at io.restassured.internal.ResponseSpecificationImpl.body(ResponseSpecificationImpl.groovy:270)
at io.restassured.specification.ResponseSpecification$body$1.callCurrent(Unknown Source)
at org.codehaus.groovy.runtime.callsite.CallSiteArray.defaultCallCurrent(CallSiteArray.java:49)
at io.restassured.specification.ResponseSpecification$body$1.callCurrent(Unknown Source)
at io.restassured.internal.ResponseSpecificationImpl.body(ResponseSpecificationImpl.groovy:117)
at io.restassured.internal.ValidatableResponseOptionsImpl.body(ValidatableResponseOptionsImpl.java:244)
at testcases.CartTests.testCreateCart(CartTests.java:154)
at java.base/java.util.ArrayList.forEach(ArrayList.java:1596)
... Removed 31 stack frames]]>
    </failure>
  </testcase> <!-- testCreateCart -->
  <testcase classname="testcases.LoginTests" name="testInvalidUserLogin" time="1.507"/>
  <testcase classname="testcases.LoginTests" name="testvalidUserLogin" time="0.773"/>
  <testcase classname="testcases.SchemaTests" name="testCartSchema" time="1.124"/>
  <testcase classname="testcases.SchemaTests" name="testProductSchema" time="0.648"/>
  <testcase classname="testcases.SchemaTests" name="testUserSchema" time="0.738"/>
</testsuite> <!-- Test -->
